{'maxTotalPoints': 30,
 'messages': [],
 'mode': 'all',
 'parts': [{'maxPoints': 5,
            'maxSeconds': 10,
            'messages': [],
            'name': '3.2.A1',
            'points': 5,
            'seconds': 0},
           {'maxPoints': 5,
            'maxSeconds': 10,
            'messages': [],
            'name': '3.2.A2',
            'points': 5,
            'seconds': 0},
           {'maxPoints': 5,
            'maxSeconds': 10,
            'messages': ["Expected '122.83669687', but got "
                         "'218.12026356809773'",
                         "Expected '123.06169687', but got "
                         "'218.34526356809772'"],
            'name': '3.2.A3',
            'points': 0,
            'seconds': 0},
           {'maxPoints': 5,
            'maxSeconds': 10,
            'messages': ["Expected '[-11.21758933 -10.5511193   -1.85859785  "
                         '-8.73111503   0.03463017\n'
                         "  -6.95600977   1.29621091]', but got "
                         "'[-1.12175893e+01  5.95226831e+01 -1.65157096e+00  "
                         '3.14004246e+01\n'
                         "  4.46020258e-02  2.09719243e+01  2.08530746e+00]'",
                         "Expected '[-10.71758933  -9.87438828  -1.21388082  "
                         '-8.25553615   0.53693007\n'
                         "  -6.68459566   1.67295436]', but got "
                         "'[-10.71758933  97.08069331   2.64171143  "
                         '57.12363742   7.31551866\n'
                         "  42.31417027  11.70064779]'",
                         "Expected '[-10.71758933  -9.79938828  -1.13888082  "
                         '-8.18053615   0.61193007\n'
                         "  -6.60959566   1.74795436]', but got "
                         "'[-10.71758933  97.15569331   2.71671143  "
                         '57.19863742   7.39051866\n'
                         "  42.38917027  11.77564779]'"],
            'name': '3.2.A4',
            'points': 0,
            'seconds': 0},
           {'maxPoints': 5,
            'maxSeconds': 10,
            'messages': [],
            'name': '3.2.A5',
            'points': 5,
            'seconds': 0},
           {'maxPoints': 5,
            'maxSeconds': 10,
            'messages': ["Expected '[ 0.19805294  0.19904131  0.20340439  "
                         '0.22402724  0.28286279  0.44961435\n'
                         "  0.87865468  1.91136448  4.49754745 15.24085796]', "
                         "but got '[0.19805294 0.19816048 0.19891386 "
                         '0.20542785 0.24135738 0.39491854\n'
                         " 0.69833598 1.35014658 2.44334498 4.61786958]'",
                         "Expected '[22.11960785 19.79551915 17.29222383 "
                         '13.76732928 10.42783308  7.01247601\n'
                         "  4.79684782  3.93351001  3.5409028  10.59606879]', "
                         "but got '[22.11942748 22.04473709 21.75022963 "
                         '20.14943191 15.78871095  9.05357533\n'
                         "  5.56555648  4.81448268  4.96490912  5.8616671 ]'"],
            'name': '3.2.A7',
            'points': 0,
            'seconds': 0}],
 'totalPoints': 15}
